<?xml version="1.0" encoding="UTF-8"?>
<coverage generated="1744983366179" clover="3.2.0">
  <project timestamp="1744983366179" name="All files">
    <metrics statements="84" coveredstatements="64" conditionals="45" coveredconditionals="28" methods="17" coveredmethods="11" elements="146" coveredelements="103" complexity="0" loc="84" ncloc="84" packages="1" files="3" classes="3"/>
    <file name="base64.ts" path="/Users/charlesteague/Development/inspect_ai/src/inspect_ai/_view/www/src/utils/base64.ts">
      <metrics statements="3" coveredstatements="3" conditionals="0" coveredconditionals="0" methods="1" coveredmethods="1"/>
      <line num="4" count="1" type="stmt"/>
      <line num="6" count="11" type="stmt"/>
      <line num="7" count="11" type="stmt"/>
    </file>
    <file name="format.ts" path="/Users/charlesteague/Development/inspect_ai/src/inspect_ai/_view/www/src/utils/format.ts">
      <metrics statements="64" coveredstatements="44" conditionals="38" coveredconditionals="21" methods="14" coveredmethods="8"/>
      <line num="11" count="1" type="stmt"/>
      <line num="12" count="3" type="cond" truecount="2" falsecount="0"/>
      <line num="13" count="3" type="stmt"/>
      <line num="19" count="1" type="stmt"/>
      <line num="29" count="0" type="cond" truecount="0" falsecount="2"/>
      <line num="30" count="0" type="stmt"/>
      <line num="32" count="0" type="stmt"/>
      <line num="33" count="0" type="cond" truecount="0" falsecount="2"/>
      <line num="34" count="0" type="stmt"/>
      <line num="36" count="0" type="stmt"/>
      <line num="37" count="0" type="cond" truecount="0" falsecount="2"/>
      <line num="38" count="0" type="stmt"/>
      <line num="40" count="0" type="stmt"/>
      <line num="41" count="0" type="cond" truecount="0" falsecount="2"/>
      <line num="42" count="0" type="stmt"/>
      <line num="44" count="0" type="stmt"/>
      <line num="47" count="0" type="stmt"/>
      <line num="57" count="1" type="stmt"/>
      <line num="62" count="0" type="cond" truecount="0" falsecount="2"/>
      <line num="63" count="0" type="cond" truecount="0" falsecount="2"/>
      <line num="65" count="0" type="stmt"/>
      <line num="72" count="0" type="stmt"/>
      <line num="78" count="1" type="stmt"/>
      <line num="79" count="7" type="cond" truecount="2" falsecount="0"/>
      <line num="80" count="2" type="stmt"/>
      <line num="81" count="5" type="cond" truecount="2" falsecount="0"/>
      <line num="82" count="2" type="stmt"/>
      <line num="83" count="3" type="cond" truecount="2" falsecount="0"/>
      <line num="84" count="1" type="stmt"/>
      <line num="85" count="1" type="stmt"/>
      <line num="86" count="1" type="stmt"/>
      <line num="87" count="1" type="stmt"/>
      <line num="89" count="2" type="stmt"/>
      <line num="90" count="2" type="stmt"/>
      <line num="91" count="2" type="stmt"/>
      <line num="92" count="2" type="stmt"/>
      <line num="93" count="2" type="stmt"/>
      <line num="104" count="6" type="cond" truecount="2" falsecount="0"/>
      <line num="108" count="6" type="cond" truecount="2" falsecount="0"/>
      <line num="109" count="3" type="stmt"/>
      <line num="110" count="3" type="cond" truecount="2" falsecount="0"/>
      <line num="111" count="2" type="stmt"/>
      <line num="113" count="1" type="stmt"/>
      <line num="123" count="3" type="cond" truecount="1" falsecount="0"/>
      <line num="124" count="1" type="stmt"/>
      <line num="127" count="2" type="cond" truecount="2" falsecount="0"/>
      <line num="128" count="1" type="stmt"/>
      <line num="129" count="1" type="stmt"/>
      <line num="130" count="1" type="stmt"/>
      <line num="132" count="1" type="stmt"/>
      <line num="140" count="4" type="cond" truecount="1" falsecount="0"/>
      <line num="141" count="1" type="stmt"/>
      <line num="144" count="3" type="stmt"/>
      <line num="147" count="6" type="cond" truecount="1" falsecount="1"/>
      <line num="158" count="3" type="cond" truecount="1" falsecount="0"/>
      <line num="159" count="1" type="stmt"/>
      <line num="163" count="2" type="stmt"/>
      <line num="164" count="2" type="stmt"/>
      <line num="171" count="0" type="stmt"/>
      <line num="181" count="0" type="stmt"/>
      <line num="193" count="0" type="stmt"/>
      <line num="200" count="3" type="stmt"/>
      <line num="201" count="3" type="stmt"/>
      <line num="202" count="3" type="stmt"/>
    </file>
    <file name="path.ts" path="/Users/charlesteague/Development/inspect_ai/src/inspect_ai/_view/www/src/utils/path.ts">
      <metrics statements="17" coveredstatements="17" conditionals="7" coveredconditionals="7" methods="2" coveredmethods="2"/>
      <line num="4" count="1" type="stmt"/>
      <line num="5" count="11" type="cond" truecount="1" falsecount="0"/>
      <line num="6" count="1" type="stmt"/>
      <line num="9" count="10" type="stmt"/>
      <line num="10" count="10" type="stmt"/>
      <line num="13" count="10" type="cond" truecount="3" falsecount="0"/>
      <line num="14" count="2" type="stmt"/>
      <line num="17" count="8" type="stmt"/>
      <line num="18" count="8" type="cond" truecount="2" falsecount="0"/>
      <line num="19" count="6" type="stmt"/>
      <line num="21" count="2" type="stmt"/>
      <line num="28" count="1" type="stmt"/>
      <line num="29" count="9" type="stmt"/>
      <line num="32" count="9" type="cond" truecount="1" falsecount="0"/>
      <line num="33" count="6" type="stmt"/>
      <line num="35" count="6" type="stmt"/>
      <line num="39" count="3" type="stmt"/>
    </file>
  </project>
</coverage>
