{"/Users/charlesteague/Development/inspect_ai/src/inspect_ai/_view/www/src/utils/base64.ts": {"path":"/Users/charlesteague/Development/inspect_ai/src/inspect_ai/_view/www/src/utils/base64.ts","statementMap":{"0":{"start":{"line":4,"column":24},"end":{"line":8,"column":1}},"1":{"start":{"line":6,"column":4},"end":{"line":6,"column":71}},"2":{"start":{"line":7,"column":2},"end":{"line":7,"column":33}}},"fnMap":{"0":{"name":"(anonymous_0)","decl":{"start":{"line":4,"column":24},"end":{"line":4,"column":25}},"loc":{"start":{"line":4,"column":49},"end":{"line":8,"column":1}}}},"branchMap":{},"s":{"0":1,"1":11,"2":11},"f":{"0":11},"b":{}}
,"/Users/charlesteague/Development/inspect_ai/src/inspect_ai/_view/www/src/utils/format.ts": {"path":"/Users/charlesteague/Development/inspect_ai/src/inspect_ai/_view/www/src/utils/format.ts","statementMap":{"0":{"start":{"line":11,"column":29},"end":{"line":14,"column":1}},"1":{"start":{"line":12,"column":2},"end":{"line":12,"column":41}},"2":{"start":{"line":13,"column":2},"end":{"line":13,"column":24}},"3":{"start":{"line":19,"column":27},"end":{"line":52,"column":1}},"4":{"start":{"line":29,"column":2},"end":{"line":51,"column":3}},"5":{"start":{"line":30,"column":4},"end":{"line":30,"column":19}},"6":{"start":{"line":32,"column":4},"end":{"line":50,"column":7}},"7":{"start":{"line":33,"column":6},"end":{"line":49,"column":7}},"8":{"start":{"line":34,"column":8},"end":{"line":34,"column":19}},"9":{"start":{"line":36,"column":24},"end":{"line":36,"column":35}},"10":{"start":{"line":37,"column":8},"end":{"line":48,"column":9}},"11":{"start":{"line":38,"column":10},"end":{"line":38,"column":25}},"12":{"start":{"line":40,"column":25},"end":{"line":46,"column":12}},"13":{"start":{"line":41,"column":12},"end":{"line":45,"column":13}},"14":{"start":{"line":42,"column":14},"end":{"line":42,"column":30}},"15":{"start":{"line":44,"column":14},"end":{"line":44,"column":24}},"16":{"start":{"line":47,"column":10},"end":{"line":47,"column":35}},"17":{"start":{"line":57,"column":29},"end":{"line":73,"column":1}},"18":{"start":{"line":62,"column":26},"end":{"line":62,"column":65}},"19":{"start":{"line":63,"column":21},"end":{"line":63,"column":45}},"20":{"start":{"line":65,"column":26},"end":{"line":70,"column":4}},"21":{"start":{"line":72,"column":2},"end":{"line":72,"column":25}},"22":{"start":{"line":78,"column":26},"end":{"line":95,"column":1}},"23":{"start":{"line":79,"column":2},"end":{"line":94,"column":3}},"24":{"start":{"line":80,"column":4},"end":{"line":80,"column":52}},"25":{"start":{"line":81,"column":9},"end":{"line":94,"column":3}},"26":{"start":{"line":82,"column":4},"end":{"line":82,"column":77}},"27":{"start":{"line":83,"column":9},"end":{"line":94,"column":3}},"28":{"start":{"line":84,"column":18},"end":{"line":84,"column":49}},"29":{"start":{"line":85,"column":20},"end":{"line":85,"column":58}},"30":{"start":{"line":86,"column":29},"end":{"line":86,"column":41}},"31":{"start":{"line":87,"column":4},"end":{"line":87,"column":64}},"32":{"start":{"line":89,"column":17},"end":{"line":89,"column":53}},"33":{"start":{"line":90,"column":18},"end":{"line":90,"column":68}},"34":{"start":{"line":91,"column":20},"end":{"line":91,"column":58}},"35":{"start":{"line":92,"column":29},"end":{"line":92,"column":41}},"36":{"start":{"line":93,"column":4},"end":{"line":93,"column":77}},"37":{"start":{"line":104,"column":27},"end":{"line":106,"column":7}},"38":{"start":{"line":108,"column":2},"end":{"line":114,"column":3}},"39":{"start":{"line":109,"column":4},"end":{"line":109,"column":26}},"40":{"start":{"line":110,"column":9},"end":{"line":114,"column":3}},"41":{"start":{"line":111,"column":4},"end":{"line":111,"column":36}},"42":{"start":{"line":113,"column":4},"end":{"line":113,"column":26}},"43":{"start":{"line":123,"column":2},"end":{"line":125,"column":3}},"44":{"start":{"line":124,"column":4},"end":{"line":124,"column":15}},"45":{"start":{"line":127,"column":2},"end":{"line":133,"column":3}},"46":{"start":{"line":128,"column":20},"end":{"line":128,"column":48}},"47":{"start":{"line":129,"column":20},"end":{"line":129,"column":49}},"48":{"start":{"line":130,"column":4},"end":{"line":130,"column":39}},"49":{"start":{"line":132,"column":4},"end":{"line":132,"column":26}},"50":{"start":{"line":140,"column":2},"end":{"line":142,"column":3}},"51":{"start":{"line":141,"column":4},"end":{"line":141,"column":15}},"52":{"start":{"line":144,"column":2},"end":{"line":149,"column":15}},"53":{"start":{"line":147,"column":6},"end":{"line":147,"column":71}},"54":{"start":{"line":158,"column":2},"end":{"line":160,"column":3}},"55":{"start":{"line":159,"column":4},"end":{"line":159,"column":15}},"56":{"start":{"line":163,"column":18},"end":{"line":163,"column":33}},"57":{"start":{"line":164,"column":2},"end":{"line":164,"column":28}},"58":{"start":{"line":171,"column":2},"end":{"line":174,"column":5}},"59":{"start":{"line":181,"column":18},"end":{"line":189,"column":4}},"60":{"start":{"line":193,"column":2},"end":{"line":193,"column":66}},"61":{"start":{"line":200,"column":21},"end":{"line":200,"column":52}},"62":{"start":{"line":201,"column":22},"end":{"line":201,"column":39}},"63":{"start":{"line":202,"column":2},"end":{"line":202,"column":33}}},"fnMap":{"0":{"name":"(anonymous_0)","decl":{"start":{"line":11,"column":29},"end":{"line":11,"column":30}},"loc":{"start":{"line":11,"column":64},"end":{"line":14,"column":1}}},"1":{"name":"(anonymous_1)","decl":{"start":{"line":19,"column":27},"end":{"line":19,"column":null}},"loc":{"start":{"line":28,"column":14},"end":{"line":52,"column":1}}},"2":{"name":"(anonymous_2)","decl":{"start":{"line":32,"column":21},"end":{"line":32,"column":22}},"loc":{"start":{"line":32,"column":29},"end":{"line":50,"column":5}}},"3":{"name":"(anonymous_3)","decl":{"start":{"line":40,"column":37},"end":{"line":40,"column":38}},"loc":{"start":{"line":40,"column":45},"end":{"line":46,"column":11}}},"4":{"name":"(anonymous_4)","decl":{"start":{"line":57,"column":29},"end":{"line":57,"column":null}},"loc":{"start":{"line":61,"column":12},"end":{"line":73,"column":1}}},"5":{"name":"(anonymous_5)","decl":{"start":{"line":78,"column":26},"end":{"line":78,"column":27}},"loc":{"start":{"line":78,"column":54},"end":{"line":95,"column":1}}},"6":{"name":"formatPrettyDecimal","decl":{"start":{"line":100,"column":16},"end":{"line":100,"column":35}},"loc":{"start":{"line":102,"column":25},"end":{"line":115,"column":1}}},"7":{"name":"formatDecimalNoTrailingZeroes","decl":{"start":{"line":120,"column":16},"end":{"line":120,"column":45}},"loc":{"start":{"line":120,"column":57},"end":{"line":134,"column":1}}},"8":{"name":"toTitleCase","decl":{"start":{"line":139,"column":16},"end":{"line":139,"column":27}},"loc":{"start":{"line":139,"column":39},"end":{"line":150,"column":1}}},"9":{"name":"(anonymous_9)","decl":{"start":{"line":146,"column":9},"end":{"line":146,"column":10}},"loc":{"start":{"line":147,"column":6},"end":{"line":147,"column":71}}},"10":{"name":"formatNoDecimal","decl":{"start":{"line":155,"column":16},"end":{"line":155,"column":31}},"loc":{"start":{"line":155,"column":43},"end":{"line":165,"column":1}}},"11":{"name":"formatNumber","decl":{"start":{"line":170,"column":16},"end":{"line":170,"column":28}},"loc":{"start":{"line":170,"column":40},"end":{"line":175,"column":1}}},"12":{"name":"formatDateTime","decl":{"start":{"line":180,"column":16},"end":{"line":180,"column":30}},"loc":{"start":{"line":180,"column":41},"end":{"line":194,"column":1}}},"13":{"name":"formatDuration","decl":{"start":{"line":199,"column":16},"end":{"line":199,"column":30}},"loc":{"start":{"line":199,"column":53},"end":{"line":203,"column":1}}}},"branchMap":{"0":{"loc":{"start":{"line":12,"column":8},"end":{"line":12,"column":40}},"type":"cond-expr","locations":[{"start":{"line":12,"column":29},"end":{"line":12,"column":32}},{"start":{"line":12,"column":35},"end":{"line":12,"column":40}}]},"1":{"loc":{"start":{"line":29,"column":2},"end":{"line":51,"column":3}},"type":"if","locations":[{"start":{"line":29,"column":2},"end":{"line":51,"column":3}},{"start":{"line":31,"column":9},"end":{"line":51,"column":3}}]},"2":{"loc":{"start":{"line":33,"column":6},"end":{"line":49,"column":7}},"type":"if","locations":[{"start":{"line":33,"column":6},"end":{"line":49,"column":7}},{"start":{"line":35,"column":13},"end":{"line":49,"column":7}}]},"3":{"loc":{"start":{"line":37,"column":8},"end":{"line":48,"column":9}},"type":"if","locations":[{"start":{"line":37,"column":8},"end":{"line":48,"column":9}},{"start":{"line":39,"column":15},"end":{"line":48,"column":9}}]},"4":{"loc":{"start":{"line":41,"column":12},"end":{"line":45,"column":13}},"type":"if","locations":[{"start":{"line":41,"column":12},"end":{"line":45,"column":13}},{"start":{"line":43,"column":19},"end":{"line":45,"column":13}}]},"5":{"loc":{"start":{"line":62,"column":26},"end":{"line":62,"column":65}},"type":"cond-expr","locations":[{"start":{"line":62,"column":39},"end":{"line":62,"column":55}},{"start":{"line":62,"column":58},"end":{"line":62,"column":65}}]},"6":{"loc":{"start":{"line":63,"column":21},"end":{"line":63,"column":45}},"type":"cond-expr","locations":[{"start":{"line":63,"column":28},"end":{"line":63,"column":40}},{"start":{"line":63,"column":43},"end":{"line":63,"column":45}}]},"7":{"loc":{"start":{"line":68,"column":4},"end":{"line":68,"column":36}},"type":"cond-expr","locations":[{"start":{"line":68,"column":17},"end":{"line":68,"column":31}},{"start":{"line":68,"column":34},"end":{"line":68,"column":36}}]},"8":{"loc":{"start":{"line":69,"column":4},"end":{"line":69,"column":40}},"type":"cond-expr","locations":[{"start":{"line":69,"column":20},"end":{"line":69,"column":28}},{"start":{"line":69,"column":31},"end":{"line":69,"column":40}}]},"9":{"loc":{"start":{"line":79,"column":2},"end":{"line":94,"column":3}},"type":"if","locations":[{"start":{"line":79,"column":2},"end":{"line":94,"column":3}},{"start":{"line":81,"column":9},"end":{"line":94,"column":3}}]},"10":{"loc":{"start":{"line":81,"column":9},"end":{"line":94,"column":3}},"type":"if","locations":[{"start":{"line":81,"column":9},"end":{"line":94,"column":3}},{"start":{"line":83,"column":9},"end":{"line":94,"column":3}}]},"11":{"loc":{"start":{"line":83,"column":9},"end":{"line":94,"column":3}},"type":"if","locations":[{"start":{"line":83,"column":9},"end":{"line":94,"column":3}},{"start":{"line":88,"column":9},"end":{"line":94,"column":3}}]},"12":{"loc":{"start":{"line":102,"column":2},"end":{"line":102,"column":25}},"type":"default-arg","locations":[{"start":{"line":102,"column":24},"end":{"line":102,"column":25}}]},"13":{"loc":{"start":{"line":104,"column":27},"end":{"line":106,"column":7}},"type":"cond-expr","locations":[{"start":{"line":105,"column":6},"end":{"line":105,"column":41}},{"start":{"line":106,"column":6},"end":{"line":106,"column":7}}]},"14":{"loc":{"start":{"line":108,"column":2},"end":{"line":114,"column":3}},"type":"if","locations":[{"start":{"line":108,"column":2},"end":{"line":114,"column":3}},{"start":{"line":110,"column":9},"end":{"line":114,"column":3}}]},"15":{"loc":{"start":{"line":110,"column":9},"end":{"line":114,"column":3}},"type":"if","locations":[{"start":{"line":110,"column":9},"end":{"line":114,"column":3}},{"start":{"line":112,"column":9},"end":{"line":114,"column":3}}]},"16":{"loc":{"start":{"line":123,"column":2},"end":{"line":125,"column":3}},"type":"if","locations":[{"start":{"line":123,"column":2},"end":{"line":125,"column":3}}]},"17":{"loc":{"start":{"line":127,"column":2},"end":{"line":133,"column":3}},"type":"if","locations":[{"start":{"line":127,"column":2},"end":{"line":133,"column":3}},{"start":{"line":131,"column":9},"end":{"line":133,"column":3}}]},"18":{"loc":{"start":{"line":140,"column":2},"end":{"line":142,"column":3}},"type":"if","locations":[{"start":{"line":140,"column":2},"end":{"line":142,"column":3}}]},"19":{"loc":{"start":{"line":147,"column":6},"end":{"line":147,"column":71}},"type":"cond-expr","locations":[{"start":{"line":147,"column":21},"end":{"line":147,"column":67}},{"start":{"line":147,"column":70},"end":{"line":147,"column":71}}]},"20":{"loc":{"start":{"line":158,"column":2},"end":{"line":160,"column":3}},"type":"if","locations":[{"start":{"line":158,"column":2},"end":{"line":160,"column":3}}]}},"s":{"0":1,"1":3,"2":3,"3":1,"4":0,"5":0,"6":0,"7":0,"8":0,"9":0,"10":0,"11":0,"12":0,"13":0,"14":0,"15":0,"16":0,"17":1,"18":0,"19":0,"20":0,"21":0,"22":1,"23":7,"24":2,"25":5,"26":2,"27":3,"28":1,"29":1,"30":1,"31":1,"32":2,"33":2,"34":2,"35":2,"36":2,"37":6,"38":6,"39":3,"40":3,"41":2,"42":1,"43":3,"44":1,"45":2,"46":1,"47":1,"48":1,"49":1,"50":4,"51":1,"52":3,"53":6,"54":3,"55":1,"56":2,"57":2,"58":0,"59":0,"60":0,"61":3,"62":3,"63":3},"f":{"0":3,"1":0,"2":0,"3":0,"4":0,"5":7,"6":6,"7":3,"8":4,"9":6,"10":3,"11":0,"12":0,"13":3},"b":{"0":[2,1],"1":[0,0],"2":[0,0],"3":[0,0],"4":[0,0],"5":[0,0],"6":[0,0],"7":[0,0],"8":[0,0],"9":[2,5],"10":[2,3],"11":[1,2],"12":[2],"13":[3,3],"14":[3,3],"15":[2,1],"16":[1],"17":[1,1],"18":[1],"19":[6,0],"20":[1]}}
,"/Users/charlesteague/Development/inspect_ai/src/inspect_ai/_view/www/src/utils/path.ts": {"path":"/Users/charlesteague/Development/inspect_ai/src/inspect_ai/_view/www/src/utils/path.ts","statementMap":{"0":{"start":{"line":4,"column":24},"end":{"line":23,"column":1}},"1":{"start":{"line":5,"column":2},"end":{"line":7,"column":3}},"2":{"start":{"line":6,"column":4},"end":{"line":6,"column":14}},"3":{"start":{"line":9,"column":20},"end":{"line":9,"column":35}},"4":{"start":{"line":10,"column":19},"end":{"line":10,"column":41}},"5":{"start":{"line":13,"column":2},"end":{"line":15,"column":3}},"6":{"start":{"line":14,"column":4},"end":{"line":14,"column":20}},"7":{"start":{"line":17,"column":16},"end":{"line":17,"column":44}},"8":{"start":{"line":18,"column":2},"end":{"line":22,"column":3}},"9":{"start":{"line":19,"column":4},"end":{"line":19,"column":20}},"10":{"start":{"line":21,"column":4},"end":{"line":21,"column":16}},"11":{"start":{"line":28,"column":23},"end":{"line":40,"column":1}},"12":{"start":{"line":29,"column":20},"end":{"line":29,"column":35}},"13":{"start":{"line":32,"column":2},"end":{"line":36,"column":3}},"14":{"start":{"line":33,"column":4},"end":{"line":33,"column":20}},"15":{"start":{"line":35,"column":4},"end":{"line":35,"column":31}},"16":{"start":{"line":39,"column":2},"end":{"line":39,"column":12}}},"fnMap":{"0":{"name":"(anonymous_0)","decl":{"start":{"line":4,"column":24},"end":{"line":4,"column":25}},"loc":{"start":{"line":4,"column":49},"end":{"line":23,"column":1}}},"1":{"name":"(anonymous_1)","decl":{"start":{"line":28,"column":23},"end":{"line":28,"column":24}},"loc":{"start":{"line":28,"column":48},"end":{"line":40,"column":1}}}},"branchMap":{"0":{"loc":{"start":{"line":5,"column":2},"end":{"line":7,"column":3}},"type":"if","locations":[{"start":{"line":5,"column":2},"end":{"line":7,"column":3}}]},"1":{"loc":{"start":{"line":13,"column":2},"end":{"line":15,"column":3}},"type":"if","locations":[{"start":{"line":13,"column":2},"end":{"line":15,"column":3}}]},"2":{"loc":{"start":{"line":13,"column":6},"end":{"line":13,"column":70}},"type":"binary-expr","locations":[{"start":{"line":13,"column":6},"end":{"line":13,"column":30}},{"start":{"line":13,"column":34},"end":{"line":13,"column":70}}]},"3":{"loc":{"start":{"line":18,"column":2},"end":{"line":22,"column":3}},"type":"if","locations":[{"start":{"line":18,"column":2},"end":{"line":22,"column":3}},{"start":{"line":20,"column":9},"end":{"line":22,"column":3}}]},"4":{"loc":{"start":{"line":32,"column":2},"end":{"line":36,"column":3}},"type":"if","locations":[{"start":{"line":32,"column":2},"end":{"line":36,"column":3}}]}},"s":{"0":1,"1":11,"2":1,"3":10,"4":10,"5":10,"6":2,"7":8,"8":8,"9":6,"10":2,"11":1,"12":9,"13":9,"14":6,"15":6,"16":3},"f":{"0":11,"1":9},"b":{"0":[1],"1":[2],"2":[10,3],"3":[6,2],"4":[6]}}
}
