TN:
SF:src/utils/base64.ts
FN:4,(anonymous_0)
FNF:1
FNH:1
FNDA:11,(anonymous_0)
DA:4,1
DA:6,11
DA:7,11
LF:3
LH:3
BRF:0
BRH:0
end_of_record
TN:
SF:src/utils/format.ts
FN:11,(anonymous_0)
FN:19,(anonymous_1)
FN:32,(anonymous_2)
FN:40,(anonymous_3)
FN:57,(anonymous_4)
FN:78,(anonymous_5)
FN:100,formatPrettyDecimal
FN:120,formatDecimalNoTrailingZeroes
FN:139,toTitleCase
FN:146,(anonymous_9)
FN:155,formatNoDecimal
FN:170,formatNumber
FN:180,formatDateTime
FN:199,formatDuration
FNF:14
FNH:8
FNDA:3,(anonymous_0)
FNDA:0,(anonymous_1)
FNDA:0,(anonymous_2)
FNDA:0,(anonymous_3)
FNDA:0,(anonymous_4)
FNDA:7,(anonymous_5)
FNDA:6,formatPrettyDecimal
FNDA:3,formatDecimalNoTrailingZeroes
FNDA:4,toTitleCase
FNDA:6,(anonymous_9)
FNDA:3,formatNoDecimal
FNDA:0,formatNumber
FNDA:0,formatDateTime
FNDA:3,formatDuration
DA:11,1
DA:12,3
DA:13,3
DA:19,1
DA:29,0
DA:30,0
DA:32,0
DA:33,0
DA:34,0
DA:36,0
DA:37,0
DA:38,0
DA:40,0
DA:41,0
DA:42,0
DA:44,0
DA:47,0
DA:57,1
DA:62,0
DA:63,0
DA:65,0
DA:72,0
DA:78,1
DA:79,7
DA:80,2
DA:81,5
DA:82,2
DA:83,3
DA:84,1
DA:85,1
DA:86,1
DA:87,1
DA:89,2
DA:90,2
DA:91,2
DA:92,2
DA:93,2
DA:104,6
DA:108,6
DA:109,3
DA:110,3
DA:111,2
DA:113,1
DA:123,3
DA:124,1
DA:127,2
DA:128,1
DA:129,1
DA:130,1
DA:132,1
DA:140,4
DA:141,1
DA:144,3
DA:147,6
DA:158,3
DA:159,1
DA:163,2
DA:164,2
DA:171,0
DA:181,0
DA:193,0
DA:200,3
DA:201,3
DA:202,3
LF:64
LH:44
BRDA:12,0,0,2
BRDA:12,0,1,1
BRDA:29,1,0,0
BRDA:29,1,1,0
BRDA:33,2,0,0
BRDA:33,2,1,0
BRDA:37,3,0,0
BRDA:37,3,1,0
BRDA:41,4,0,0
BRDA:41,4,1,0
BRDA:62,5,0,0
BRDA:62,5,1,0
BRDA:63,6,0,0
BRDA:63,6,1,0
BRDA:68,7,0,0
BRDA:68,7,1,0
BRDA:69,8,0,0
BRDA:69,8,1,0
BRDA:79,9,0,2
BRDA:79,9,1,5
BRDA:81,10,0,2
BRDA:81,10,1,3
BRDA:83,11,0,1
BRDA:83,11,1,2
BRDA:102,12,0,2
BRDA:104,13,0,3
BRDA:104,13,1,3
BRDA:108,14,0,3
BRDA:108,14,1,3
BRDA:110,15,0,2
BRDA:110,15,1,1
BRDA:123,16,0,1
BRDA:127,17,0,1
BRDA:127,17,1,1
BRDA:140,18,0,1
BRDA:147,19,0,6
BRDA:147,19,1,0
BRDA:158,20,0,1
BRF:38
BRH:21
end_of_record
TN:
SF:src/utils/path.ts
FN:4,(anonymous_0)
FN:28,(anonymous_1)
FNF:2
FNH:2
FNDA:11,(anonymous_0)
FNDA:9,(anonymous_1)
DA:4,1
DA:5,11
DA:6,1
DA:9,10
DA:10,10
DA:13,10
DA:14,2
DA:17,8
DA:18,8
DA:19,6
DA:21,2
DA:28,1
DA:29,9
DA:32,9
DA:33,6
DA:35,6
DA:39,3
LF:17
LH:17
BRDA:5,0,0,1
BRDA:13,1,0,2
BRDA:13,2,0,10
BRDA:13,2,1,3
BRDA:18,3,0,6
BRDA:18,3,1,2
BRDA:32,4,0,6
BRF:7
BRH:7
end_of_record
